<?xml version="1.0" encoding="UTF-8"?>
<!-- Generated by org.testng.reporters.JUnitXMLReporter -->
<testsuite ignored="6" hostname="Neyaz-PC" failures="0" tests="4" name="Test" time="31.735" errors="0" timestamp="2023-11-23T16:48:16 IST">
  <testcase classname="Bixi_Open_Account.TC_03_DebitCardPage_SmokeTest" name="DebitCardPage" time="1.192"/>
  <testcase classname="Bixi_Open_Account.TC_05_NewBankAccount_SystemTest" name="NewBankAccount" time="3.027"/>
  <testcase classname="Bixi_Open_Account.TC_15_DebitCardwithBlankFields_FT" name="method" time="1.52"/>
  <testcase classname="Bixi_Open_Account.TC_02_StaffloginGenericUtilsTest" name="method" time="2.502"/>
  <testcase classname="com.bixi.GenericUtils.BaseClass" name="@BeforeSuite connect_DB" time="0.0">
    <ignored/>
  </testcase> <!-- @BeforeSuite connect_DB -->
  <testcase classname="com.bixi.GenericUtils.BaseClass" name="@AfterSuite disconnect_DB" time="0.0">
    <ignored/>
  </testcase> <!-- @AfterSuite disconnect_DB -->
  <testcase classname="com.bixi.GenericUtils.BaseClass" name="@BeforeSuite connect_DB" time="0.0">
    <ignored/>
  </testcase> <!-- @BeforeSuite connect_DB -->
  <testcase classname="com.bixi.GenericUtils.BaseClass" name="@AfterSuite disconnect_DB" time="0.0">
    <ignored/>
  </testcase> <!-- @AfterSuite disconnect_DB -->
  <testcase classname="com.bixi.GenericUtils.BaseClass" name="@BeforeSuite connect_DB" time="0.0">
    <ignored/>
  </testcase> <!-- @BeforeSuite connect_DB -->
  <testcase classname="com.bixi.GenericUtils.BaseClass" name="@AfterSuite disconnect_DB" time="0.0">
    <ignored/>
  </testcase> <!-- @AfterSuite disconnect_DB -->
</testsuite> <!-- Test -->
