<?xml version="1.0" encoding="UTF-8"?>
<!-- Generated by org.testng.reporters.JUnitXMLReporter -->
<testsuite ignored="4" hostname="Neyaz-PC" failures="0" tests="6" name="Test Runner=1" time="37.991" errors="0" timestamp="2023-11-22T12:18:28 IST">
  <testcase classname="com.TestNG.PracticeTest" name="Practice1" time="0.003"/>
  <testcase classname="com.TestNG.PracticeTest" name="Practice2" time="0.002"/>
  <testcase classname="com.TestNG.DemoTest" name="Demo1" time="0.001"/>
  <testcase classname="com.TestNG.DemoTest" name="Demo2" time="0.003"/>
  <testcase classname="com.TestNG.SampleTest" name="Sample1" time="0.002"/>
  <testcase classname="com.TestNG.SampleTest" name="Sample2" time="0.007"/>
  <testcase classname="com.bixi.GenericUtils.BaseClass" name="@AfterSuite disconnect_DB" time="0.0">
    <ignored/>
  </testcase> <!-- @AfterSuite disconnect_DB -->
  <testcase classname="com.bixi.GenericUtils.BaseClass" name="@AfterSuite disconnect_DB" time="0.0">
    <ignored/>
  </testcase> <!-- @AfterSuite disconnect_DB -->
  <testcase classname="com.bixi.GenericUtils.BaseClass" name="@BeforeSuite connect_DB" time="0.0">
    <ignored/>
  </testcase> <!-- @BeforeSuite connect_DB -->
  <testcase classname="com.bixi.GenericUtils.BaseClass" name="@BeforeSuite connect_DB" time="0.0">
    <ignored/>
  </testcase> <!-- @BeforeSuite connect_DB -->
</testsuite> <!-- Test Runner=1 -->
